<?xml version="1.0" encoding="UTF-8"?>
<testng-results ignored="0" total="1" passed="1" failed="0" skipped="0">
  <reporter-output>
  </reporter-output>
  <suite started-at="2024-05-01T10:42:50 IST" name="Default suite" finished-at="2024-05-01T10:42:53 IST" duration-ms="3048">
    <groups>
    </groups>
    <test started-at="2024-05-01T10:42:50 IST" name="Default test" finished-at="2024-05-01T10:42:53 IST" duration-ms="3048">
      <class name="Practise.DemoExample2">
        <test-method signature="Example2()[pri:1, instance:Practise.DemoExample2@8458f04]" started-at="2024-05-01T10:42:50 IST" name="Example2" finished-at="2024-05-01T10:42:53 IST" duration-ms="2977" status="PASS">
          <reporter-output>
          </reporter-output>
        </test-method> <!-- Example2 -->
      </class> <!-- Practise.DemoExample2 -->
    </test> <!-- Default test -->
  </suite> <!-- Default suite -->
</testng-results>
